<?xml version="1.0" encoding="UTF-8"?>
<testsuite name="view.testGameView" tests="1" skipped="0" failures="0" errors="0" timestamp="2022-01-28T16:14:06" hostname="LPRM" time="0.366">
  <properties/>
  <testcase name="testGetters()" classname="view.testGameView" time="0.366"/>
  <system-out><![CDATA[Level 1
]]></system-out>
  <system-err><![CDATA[]]></system-err>
</testsuite>
