<?xml version="1.0" encoding="UTF-8"?>
<testsuite name="model.testPositionModel" tests="5" skipped="0" failures="0" errors="0" timestamp="2022-01-28T16:14:06" hostname="LPRM" time="0.005">
  <properties/>
  <testcase name="testRight()" classname="model.testPositionModel" time="0.001"/>
  <testcase name="testDown()" classname="model.testPositionModel" time="0.001"/>
  <testcase name="testLeft()" classname="model.testPositionModel" time="0.0"/>
  <testcase name="testUp()" classname="model.testPositionModel" time="0.0"/>
  <testcase name="testConstructor()" classname="model.testPositionModel" time="0.0"/>
  <system-out><![CDATA[]]></system-out>
  <system-err><![CDATA[]]></system-err>
</testsuite>
