<?xml version="1.0" encoding="UTF-8"?>
<testsuite name="view.testGhostView" tests="1" skipped="0" failures="0" errors="0" timestamp="2022-01-28T16:14:06" hostname="LPRM" time="0.791">
  <properties/>
  <testcase name="testDraw()" classname="view.testGhostView" time="0.791"/>
  <system-out><![CDATA[]]></system-out>
  <system-err><![CDATA[]]></system-err>
</testsuite>
