<?xml version="1.0" encoding="UTF-8"?>
<testsuite name="model.testGhostModel" tests="2" skipped="0" failures="0" errors="0" timestamp="2022-01-28T16:14:06" hostname="LPRM" time="0.002">
  <properties/>
  <testcase name="testGhostList()" classname="model.testGhostModel" time="0.001"/>
  <testcase name="testConstructor()" classname="model.testGhostModel" time="0.0"/>
  <system-out><![CDATA[]]></system-out>
  <system-err><![CDATA[]]></system-err>
</testsuite>
