<?xml version="1.0" encoding="UTF-8"?>
<testsuite name="model.testElementModel" tests="1" skipped="0" failures="0" errors="0" timestamp="2022-01-28T16:14:06" hostname="LPRM" time="0.0">
  <properties/>
  <testcase name="testConstructor()" classname="model.testElementModel" time="0.0"/>
  <system-out><![CDATA[]]></system-out>
  <system-err><![CDATA[]]></system-err>
</testsuite>
